#
# There is insufficient memory for the Java Runtime Environment to continue.
# Native memory allocation (malloc) failed to allocate 63792 bytes for Chunk::new
# Possible reasons:
#   The system is out of physical RAM or swap space
#   In 32 bit mode, the process size limit was hit
# Possible solutions:
#   Reduce memory load on the system
#   Increase physical memory or swap space
#   Check if swap backing store is full
#   Use 64 bit Java on a 64 bit OS
#   Decrease Java heap size (-Xmx/-Xms)
#   Decrease number of Java threads
#   Decrease Java thread stack sizes (-Xss)
#   Set larger code cache with -XX:ReservedCodeCacheSize=
# This output file may be truncated or incomplete.
#
#  Out of Memory Error (allocation.cpp:390), pid=1004, tid=0x00000000000005c4
#
# JRE version: OpenJDK Runtime Environment (8.0_152-b01) (build 1.8.0_152-release-1248-b01)
# Java VM: OpenJDK 64-Bit Server VM (25.152-b01 mixed mode windows-amd64 compressed oops)
# Failed to write core dump. Minidumps are not enabled by default on client versions of Windows
#

---------------  T H R E A D  ---------------

Current thread (0x000000001687a000):  JavaThread "C2 CompilerThread0" daemon [_thread_in_native, id=1476, stack(0x0000000018180000,0x0000000018280000)]

Stack: [0x0000000018180000,0x0000000018280000]
[error occurred during error reporting (printing stack bounds), id 0xc0000005]

Native frames: (J=compiled Java code, j=interpreted, Vv=VM code, C=native code)


Current CompileTask:
C2: 504976 18560       4       com.android.tools.r8.dex.DexParser::parseDebugInfo (613 bytes)


---------------  P R O C E S S  ---------------

Java Threads: ( => current thread )
  0x000000001979e800 JavaThread "ForkJoinPool-13-worker-0" daemon [_thread_blocked, id=6596, stack(0x00000000298c0000,0x00000000299c0000)]
  0x000000001979d000 JavaThread "ForkJoinPool-13-worker-3" daemon [_thread_blocked, id=7600, stack(0x00000000297c0000,0x00000000298c0000)]
  0x0000000019797800 JavaThread "ForkJoinPool-13-worker-2" daemon [_thread_blocked, id=2956, stack(0x00000000296c0000,0x00000000297c0000)]
  0x000000001979a000 JavaThread "ForkJoinPool-13-worker-1" daemon [_thread_blocked, id=3256, stack(0x00000000295c0000,0x00000000296c0000)]
  0x0000000019794800 JavaThread "ForkJoinPool.commonPool-worker-1" daemon [_thread_blocked, id=9740, stack(0x0000000027a70000,0x0000000027b70000)]
  0x0000000019795800 JavaThread "ForkJoinPool.commonPool-worker-0" daemon [_thread_blocked, id=10672, stack(0x0000000027970000,0x0000000027a70000)]
  0x0000000018aa6000 JavaThread "Cache worker for Java compile cache (D:\Android_Pratice\SoundMuseum\.gradle\4.10.1\javaCompile)" [_thread_blocked, id=1440, stack(0x0000000027870000,0x0000000027970000)]
  0x000000001bf53000 JavaThread "Cache worker for Java compile cache (C:\Users\chen\.gradle\caches\4.10.1\javaCompile)" [_thread_blocked, id=12548, stack(0x0000000027770000,0x0000000027870000)]
  0x000000001bf52000 JavaThread "RMI TCP Connection(2)-127.0.0.1" daemon [_thread_in_native, id=11900, stack(0x0000000027670000,0x0000000027770000)]
  0x000000001bf4b800 JavaThread "RMI Reaper" [_thread_blocked, id=8760, stack(0x0000000027570000,0x0000000027670000)]
  0x000000001bf51800 JavaThread "RMI TCP Accept-0" daemon [_thread_in_native, id=12636, stack(0x0000000027470000,0x0000000027570000)]
  0x000000001bf50800 JavaThread "GC Daemon" daemon [_thread_blocked, id=8268, stack(0x0000000027370000,0x0000000027470000)]
  0x000000001bf44000 JavaThread "RMI Scheduler(0)" daemon [_thread_blocked, id=9260, stack(0x0000000027170000,0x0000000027270000)]
  0x000000001bf48800 JavaThread "stdout" daemon [_thread_in_native, id=452, stack(0x0000000026f70000,0x0000000027070000)]
  0x000000001bf4a000 JavaThread "stderr" daemon [_thread_in_native, id=12052, stack(0x0000000026e70000,0x0000000026f70000)]
  0x000000001bf4f000 JavaThread "stdout" daemon [_thread_in_native, id=12656, stack(0x0000000026d70000,0x0000000026e70000)]
  0x000000001bf4d800 JavaThread "stderr" daemon [_thread_in_native, id=13072, stack(0x0000000026c70000,0x0000000026d70000)]
  0x000000001bf4d000 JavaThread "stdout" daemon [_thread_in_native, id=12044, stack(0x0000000026b70000,0x0000000026c70000)]
  0x000000001bf49000 JavaThread "stderr" daemon [_thread_in_native, id=1620, stack(0x0000000026a70000,0x0000000026b70000)]
  0x000000001bf4c000 JavaThread "pool-3-thread-1" [_thread_blocked, id=12208, stack(0x0000000026970000,0x0000000026a70000)]
  0x000000001bf44800 JavaThread "Cache worker for Build Output Cleanup Cache (D:\Android_Pratice\SoundMuseum\.gradle\buildOutputCleanup)" [_thread_blocked, id=1984, stack(0x0000000026570000,0x0000000026670000)]
  0x000000001bf47000 JavaThread "Cache worker for task history cache (D:\Android_Pratice\SoundMuseum\.gradle\4.10.1\taskHistory)" [_thread_blocked, id=13000, stack(0x0000000026470000,0x0000000026570000)]
  0x000000001bf45800 JavaThread "Task worker for ':' Thread 3" [_thread_blocked, id=11912, stack(0x0000000026370000,0x0000000026470000)]
  0x000000001bf4a800 JavaThread "Task worker for ':' Thread 2" [_thread_in_vm, id=3352, stack(0x0000000026270000,0x0000000026370000)]
  0x000000001d520000 JavaThread "Task worker for ':'" [_thread_blocked, id=13220, stack(0x0000000026170000,0x0000000026270000)]
  0x000000001d526000 JavaThread "Cache worker for file content cache (D:\Android_Pratice\SoundMuseum\.gradle\4.10.1\fileContent)" [_thread_blocked, id=3696, stack(0x0000000026070000,0x0000000026170000)]
  0x000000001d524800 JavaThread "Cache worker for file content cache (C:\Users\chen\.gradle\caches\4.10.1\fileContent)" [_thread_blocked, id=11956, stack(0x0000000025f70000,0x0000000026070000)]
  0x000000001d524000 JavaThread "Build operations Thread 4" [_thread_blocked, id=8820, stack(0x0000000025e70000,0x0000000025f70000)]
  0x0000000018aa9800 JavaThread "Build operations Thread 3" [_thread_blocked, id=10504, stack(0x0000000025d70000,0x0000000025e70000)]
  0x0000000018aac800 JavaThread "Build operations Thread 2" [_thread_blocked, id=3184, stack(0x0000000025c70000,0x0000000025d70000)]
  0x0000000018aac000 JavaThread "Build operations" [_thread_blocked, id=8992, stack(0x0000000025b70000,0x0000000025c70000)]
  0x0000000018aab000 JavaThread "Cache worker for cache directory md-rule (C:\Users\chen\.gradle\caches\4.10.1\md-rule)" [_thread_blocked, id=6072, stack(0x0000000025a70000,0x0000000025b70000)]
  0x0000000018aa9000 JavaThread "Cache worker for cache directory md-supplier (C:\Users\chen\.gradle\caches\4.10.1\md-supplier)" [_thread_blocked, id=12928, stack(0x0000000025970000,0x0000000025a70000)]
  0x0000000018aa8000 JavaThread "Cache worker for file hash cache (D:\Android_Pratice\SoundMuseum\.gradle\4.10.1\fileHashes)" [_thread_blocked, id=6372, stack(0x0000000025870000,0x0000000025970000)]
  0x0000000018aa7800 JavaThread "Asynchronous log dispatcher for DefaultDaemonConnection: socket connection from /127.0.0.1:59340 to /127.0.0.1:59735" [_thread_blocked, id=9568, stack(0x0000000025670000,0x0000000025770000)]
  0x0000000018a9e800 JavaThread "Daemon worker Thread 2" [_thread_blocked, id=11936, stack(0x0000000025570000,0x0000000025670000)]
  0x0000000018a9d800 JavaThread "Cancel handler" [_thread_blocked, id=9276, stack(0x0000000025470000,0x0000000025570000)]
  0x0000000018aa4800 JavaThread "Handler for socket connection from /127.0.0.1:59340 to /127.0.0.1:59735" [_thread_in_native, id=11884, stack(0x0000000025370000,0x0000000025470000)]
  0x0000000018aa3000 JavaThread "Daemon Thread 2" [_thread_blocked, id=6592, stack(0x0000000025270000,0x0000000025370000)]
  0x0000000018aa5000 JavaThread "pool-1-thread-1" [_thread_blocked, id=9196, stack(0x00000000231a0000,0x00000000232a0000)]
  0x0000000018aa0000 JavaThread "Memory manager" [_thread_blocked, id=6680, stack(0x0000000022050000,0x0000000022150000)]
  0x000000001d522800 JavaThread "Cache worker for Artifact transforms cache (C:\Users\chen\.gradle\caches\transforms-1)" [_thread_blocked, id=7608, stack(0x000000001eb80000,0x000000001ec80000)]
  0x000000001d523000 JavaThread "Cache worker for journal cache (C:\Users\chen\.gradle\caches\journal-1)" [_thread_blocked, id=8244, stack(0x000000001df70000,0x000000001e070000)]
  0x000000001d59f800 JavaThread "File lock request listener" [_thread_in_native, id=220, stack(0x000000001dd70000,0x000000001de70000)]
  0x000000001c1b0800 JavaThread "Cache worker for file hash cache (C:\Users\chen\.gradle\caches\4.10.1\fileHashes)" [_thread_blocked, id=5520, stack(0x000000001dc70000,0x000000001dd70000)]
  0x0000000018c3c000 JavaThread "Daemon periodic checks" [_thread_blocked, id=3972, stack(0x000000001a200000,0x000000001a300000)]
  0x0000000018c1f000 JavaThread "Incoming local TCP Connector on port 59340" [_thread_in_native, id=4344, stack(0x000000001a050000,0x000000001a150000)]
  0x0000000017c0c000 JavaThread "Service Thread" daemon [_thread_blocked, id=8892, stack(0x0000000018480000,0x0000000018580000)]
  0x0000000017b8c800 JavaThread "C1 CompilerThread2" daemon [_thread_blocked, id=8260, stack(0x0000000018380000,0x0000000018480000)]
  0x000000001687c800 JavaThread "C2 CompilerThread1" daemon [_thread_in_native, id=4200, stack(0x0000000018280000,0x0000000018380000)]
=>0x000000001687a000 JavaThread "C2 CompilerThread0" daemon [_thread_in_native, id=1476, stack(0x0000000018180000,0x0000000018280000)]
  0x0000000016878800 JavaThread "Attach Listener" daemon [_thread_blocked, id=1332, stack(0x0000000018080000,0x0000000018180000)]
  0x0000000016835800 JavaThread "Signal Dispatcher" daemon [_thread_blocked, id=8356, stack(0x0000000017f80000,0x0000000018080000)]
  0x0000000002eac000 JavaThread "Finalizer" daemon [_thread_blocked, id=804, stack(0x0000000017a80000,0x0000000017b80000)]
  0x0000000002ea1000 JavaThread "Reference Handler" daemon [_thread_blocked, id=1416, stack(0x0000000017980000,0x0000000017a80000)]
  0x0000000002db2800 JavaThread "main" [_thread_blocked, id=3292, stack(0x0000000002cb0000,0x0000000002db0000)]

Other Threads:
  0x00000000167e6800 VMThread [stack: 0x0000000017880000,0x0000000017980000] [id=12652]
  0x0000000017c0d000 WatcherThread [stack: 0x0000000018580000,0x0000000018680000] [id=10720]

VM state:synchronizing (normal execution)

VM Mutex/Monitor currently owned by a thread:  ([mutex/lock_event])
[0x000000000101deb0] Threads_lock - owner thread: 0x00000000167e6800

Heap:
 PSYoungGen      total 285696K, used 73423K [0x00000000e0000000, 0x00000000f5500000, 0x0000000100000000)
  eden space 242688K, 14% used [0x00000000e0000000,0x00000000e2207b80,0x00000000eed00000)
  from space 43008K, 89% used [0x00000000f1c00000,0x00000000f41ac108,0x00000000f4600000)
  to   space 48128K, 0% used [0x00000000eed00000,0x00000000eed00000,0x00000000f1c00000)
 ParOldGen       total 209920K, used 99263K [0x00000000a0000000, 0x00000000acd00000, 0x00000000e0000000)
  object space 209920K, 47% used [0x00000000a0000000,0x00000000a60efc60,0x00000000acd00000)
 Metaspace       used 101169K, capacity 105118K, committed 105420K, reserved 1140736K
  class space    used 12857K, capacity 13723K, committed 13812K, reserved 1048576K

Card table byte_map: [0x0000000012270000,0x0000000012580000] byte_map_base: 0x0000000011d70000

Marking Bits: (ParMarkBitMap*) 0x000000006d765aa0
 Begin Bits: [0x0000000012b80000, 0x0000000014380000)
 End Bits:   [0x0000000014380000, 0x0000000015b80000)

Polling page: 0x00000000007e0000

CodeCache: size=245760Kb used=52529Kb max_used=52529Kb free=193230Kb
 bounds [0x0000000002eb0000, 0x0000000006240000, 0x0000000011eb0000]
 total_blobs=16562 nmethods=15626 adapters=847
 compilation: enabled

Compilation events (10 events):
Event: 504.861 Thread 0x0000000017b8c800 18683       2       com.android.tools.r8.graph.DexEncodedArray::<init> (10 bytes)
Event: 504.861 Thread 0x0000000017b8c800 nmethod 18683 0x0000000006236890 code [0x00000000062369e0, 0x0000000006236b50]
Event: 504.864 Thread 0x0000000017b8c800 18684       2       com.android.tools.r8.code.Format3rc::<init> (30 bytes)
Event: 504.865 Thread 0x0000000017b8c800 nmethod 18684 0x0000000006236bd0 code [0x0000000006236d60, 0x0000000006237018]
Event: 504.866 Thread 0x0000000017b8c800 18685       2       com.android.tools.r8.dex.DexParser$$Lambda$659/985054861::get (8 bytes)
Event: 504.867 Thread 0x0000000017b8c800 nmethod 18685 0x0000000006237290 code [0x0000000006237400, 0x00000000062375e8]
Event: 504.867 Thread 0x0000000017b8c800 18686       2       com.android.tools.r8.dex.DexParser::parseEncodedArray (12 bytes)
Event: 504.868 Thread 0x0000000017b8c800 nmethod 18686 0x0000000006237710 code [0x00000000062378a0, 0x0000000006237c58]
Event: 504.873 Thread 0x0000000017b8c800 18688       2       com.android.tools.r8.graph.DexAnnotation::getMemberClassesFromAnnotation (85 bytes)
Event: 504.874 Thread 0x0000000017b8c800 nmethod 18688 0x0000000006237f10 code [0x00000000062380c0, 0x0000000006238568]

GC Heap History (10 events):
Event: 484.019 GC heap before
{Heap before GC invocations=22 (full 3):
 PSYoungGen      total 224256K, used 223920K [0x00000000e0000000, 0x00000000ef680000, 0x0000000100000000)
  eden space 202240K, 100% used [0x00000000e0000000,0x00000000ec580000,0x00000000ec580000)
  from space 22016K, 98% used [0x00000000edf80000,0x00000000ef4ac1a8,0x00000000ef500000)
  to   space 25088K, 0% used [0x00000000ec580000,0x00000000ec580000,0x00000000ede00000)
 ParOldGen       total 115712K, used 62044K [0x00000000a0000000, 0x00000000a7100000, 0x00000000e0000000)
  object space 115712K, 53% used [0x00000000a0000000,0x00000000a3c97248,0x00000000a7100000)
 Metaspace       used 83564K, capacity 86554K, committed 86804K, reserved 1124352K
  class space    used 10830K, capacity 11553K, committed 11580K, reserved 1048576K
Event: 484.073 GC heap after
Heap after GC invocations=22 (full 3):
 PSYoungGen      total 227328K, used 18425K [0x00000000e0000000, 0x00000000f0980000, 0x0000000100000000)
  eden space 202240K, 0% used [0x00000000e0000000,0x00000000e0000000,0x00000000ec580000)
  from space 25088K, 73% used [0x00000000ec580000,0x00000000ed77e7c0,0x00000000ede00000)
  to   space 26112K, 0% used [0x00000000ef000000,0x00000000ef000000,0x00000000f0980000)
 ParOldGen       total 115712K, used 62052K [0x00000000a0000000, 0x00000000a7100000, 0x00000000e0000000)
  object space 115712K, 53% used [0x00000000a0000000,0x00000000a3c99248,0x00000000a7100000)
 Metaspace       used 83564K, capacity 86554K, committed 86804K, reserved 1124352K
  class space    used 10830K, capacity 11553K, committed 11580K, reserved 1048576K
}
Event: 493.155 GC heap before
{Heap before GC invocations=23 (full 3):
 PSYoungGen      total 227328K, used 220665K [0x00000000e0000000, 0x00000000f0980000, 0x0000000100000000)
  eden space 202240K, 100% used [0x00000000e0000000,0x00000000ec580000,0x00000000ec580000)
  from space 25088K, 73% used [0x00000000ec580000,0x00000000ed77e7c0,0x00000000ede00000)
  to   space 26112K, 0% used [0x00000000ef000000,0x00000000ef000000,0x00000000f0980000)
 ParOldGen       total 115712K, used 62052K [0x00000000a0000000, 0x00000000a7100000, 0x00000000e0000000)
  object space 115712K, 53% used [0x00000000a0000000,0x00000000a3c99248,0x00000000a7100000)
 Metaspace       used 90963K, capacity 93970K, committed 93972K, reserved 1130496K
  class space    used 11608K, capacity 12347K, committed 12348K, reserved 1048576K
Event: 493.224 GC heap after
Heap after GC invocations=23 (full 3):
 PSYoungGen      total 240640K, used 26095K [0x00000000e0000000, 0x00000000f1400000, 0x0000000100000000)
  eden space 214528K, 0% used [0x00000000e0000000,0x00000000e0000000,0x00000000ed180000)
  from space 26112K, 99% used [0x00000000ef000000,0x00000000f097be80,0x00000000f0980000)
  to   space 31232K, 0% used [0x00000000ed180000,0x00000000ed180000,0x00000000ef000000)
 ParOldGen       total 115712K, used 65753K [0x00000000a0000000, 0x00000000a7100000, 0x00000000e0000000)
  object space 115712K, 56% used [0x00000000a0000000,0x00000000a4036578,0x00000000a7100000)
 Metaspace       used 90963K, capacity 93970K, committed 93972K, reserved 1130496K
  class space    used 11608K, capacity 12347K, committed 12348K, reserved 1048576K
}
Event: 497.014 GC heap before
{Heap before GC invocations=24 (full 3):
 PSYoungGen      total 240640K, used 222017K [0x00000000e0000000, 0x00000000f1400000, 0x0000000100000000)
  eden space 214528K, 91% used [0x00000000e0000000,0x00000000ebf54758,0x00000000ed180000)
  from space 26112K, 99% used [0x00000000ef000000,0x00000000f097be80,0x00000000f0980000)
  to   space 31232K, 0% used [0x00000000ed180000,0x00000000ed180000,0x00000000ef000000)
 ParOldGen       total 115712K, used 65753K [0x00000000a0000000, 0x00000000a7100000, 0x00000000e0000000)
  object space 115712K, 56% used [0x00000000a0000000,0x00000000a4036578,0x00000000a7100000)
 Metaspace       used 95077K, capacity 98308K, committed 98380K, reserved 1134592K
  class space    used 12142K, capacity 12900K, committed 12916K, reserved 1048576K
Event: 497.161 GC heap after
Heap after GC invocations=24 (full 3):
 PSYoungGen      total 245760K, used 31230K [0x00000000e0000000, 0x00000000f4600000, 0x0000000100000000)
  eden space 214528K, 0% used [0x00000000e0000000,0x00000000e0000000,0x00000000ed180000)
  from space 31232K, 99% used [0x00000000ed180000,0x00000000eefff808,0x00000000ef000000)
  to   space 43008K, 0% used [0x00000000f1c00000,0x00000000f1c00000,0x00000000f4600000)
 ParOldGen       total 115712K, used 84508K [0x00000000a0000000, 0x00000000a7100000, 0x00000000e0000000)
  object space 115712K, 73% used [0x00000000a0000000,0x00000000a52870e8,0x00000000a7100000)
 Metaspace       used 95077K, capacity 98308K, committed 98380K, reserved 1134592K
  class space    used 12142K, capacity 12900K, committed 12916K, reserved 1048576K
}
Event: 497.161 GC heap before
{Heap before GC invocations=25 (full 4):
 PSYoungGen      total 245760K, used 31230K [0x00000000e0000000, 0x00000000f4600000, 0x0000000100000000)
  eden space 214528K, 0% used [0x00000000e0000000,0x00000000e0000000,0x00000000ed180000)
  from space 31232K, 99% used [0x00000000ed180000,0x00000000eefff808,0x00000000ef000000)
  to   space 43008K, 0% used [0x00000000f1c00000,0x00000000f1c00000,0x00000000f4600000)
 ParOldGen       total 115712K, used 84508K [0x00000000a0000000, 0x00000000a7100000, 0x00000000e0000000)
  object space 115712K, 73% used [0x00000000a0000000,0x00000000a52870e8,0x00000000a7100000)
 Metaspace       used 95077K, capacity 98308K, committed 98380K, reserved 1134592K
  class space    used 12142K, capacity 12900K, committed 12916K, reserved 1048576K
Event: 497.944 GC heap after
Heap after GC invocations=25 (full 4):
 PSYoungGen      total 245760K, used 0K [0x00000000e0000000, 0x00000000f4600000, 0x0000000100000000)
  eden space 214528K, 0% used [0x00000000e0000000,0x00000000e0000000,0x00000000ed180000)
  from space 31232K, 0% used [0x00000000ed180000,0x00000000ed180000,0x00000000ef000000)
  to   space 43008K, 0% used [0x00000000f1c00000,0x00000000f1c00000,0x00000000f4600000)
 ParOldGen       total 209920K, used 99263K [0x00000000a0000000, 0x00000000acd00000, 0x00000000e0000000)
  object space 209920K, 47% used [0x00000000a0000000,0x00000000a60efc60,0x00000000acd00000)
 Metaspace       used 95024K, capacity 98160K, committed 98380K, reserved 1134592K
  class space    used 12124K, capacity 12868K, committed 12916K, reserved 1048576K
}
Event: 504.225 GC heap before
{Heap before GC invocations=26 (full 4):
 PSYoungGen      total 245760K, used 214528K [0x00000000e0000000, 0x00000000f4600000, 0x0000000100000000)
  eden space 214528K, 100% used [0x00000000e0000000,0x00000000ed180000,0x00000000ed180000)
  from space 31232K, 0% used [0x00000000ed180000,0x00000000ed180000,0x00000000ef000000)
  to   space 43008K, 0% used [0x00000000f1c00000,0x00000000f1c00000,0x00000000f4600000)
 ParOldGen       total 209920K, used 99263K [0x00000000a0000000, 0x00000000acd00000, 0x00000000e0000000)
  object space 209920K, 47% used [0x00000000a0000000,0x00000000a60efc60,0x00000000acd00000)
 Metaspace       used 100798K, capacity 104674K, committed 104780K, reserved 1140736K
  class space    used 12825K, capacity 13677K, committed 13684K, reserved 1048576K
Event: 504.318 GC heap after
Heap after GC invocations=26 (full 4):
 PSYoungGen      total 285696K, used 38576K [0x00000000e0000000, 0x00000000f5500000, 0x0000000100000000)
  eden space 242688K, 0% used [0x00000000e0000000,0x00000000e0000000,0x00000000eed00000)
  from space 43008K, 89% used [0x00000000f1c00000,0x00000000f41ac108,0x00000000f4600000)
  to   space 48128K, 0% used [0x00000000eed00000,0x00000000eed00000,0x00000000f1c00000)
 ParOldGen       total 209920K, used 99263K [0x00000000a0000000, 0x00000000acd00000, 0x00000000e0000000)
  object space 209920K, 47% used [0x00000000a0000000,0x00000000a60efc60,0x00000000acd00000)
 Metaspace       used 100798K, capacity 104674K, committed 104780K, reserved 1140736K
  class space    used 12825K, capacity 13677K, committed 13684K, reserved 1048576K
}

Deoptimization events (10 events):
Event: 503.803 Thread 0x000000001bf4a800 Uncommon trap: reason=unstable_if action=reinterpret pc=0x0000000005a26a68 method=com.android.tools.r8.utils.IdentifierUtils.isSimpleNameChar(I)Z @ 45
Event: 503.803 Thread 0x000000001bf4a800 Uncommon trap: reason=unstable_if action=reinterpret pc=0x0000000004633100 method=com.android.tools.r8.utils.IdentifierUtils.isSimpleNameChar(I)Z @ 45
Event: 503.804 Thread 0x000000001bf4a800 Uncommon trap: reason=unstable_if action=reinterpret pc=0x0000000004218c40 method=com.android.tools.r8.utils.IdentifierUtils.isSimpleNameChar(I)Z @ 45
Event: 504.363 Thread 0x0000000019797800 Uncommon trap: reason=class_check action=maybe_recompile pc=0x0000000003c51df8 method=com.android.tools.r8.dex.DexParser.cacheAt(ILjava/util/function/Supplier;)Ljava/lang/Object; @ 32
Event: 504.364 Thread 0x000000001979a000 Uncommon trap: reason=class_check action=maybe_recompile pc=0x0000000003c51df8 method=com.android.tools.r8.dex.DexParser.cacheAt(ILjava/util/function/Supplier;)Ljava/lang/Object; @ 32
Event: 504.365 Thread 0x000000001979d000 Uncommon trap: reason=class_check action=maybe_recompile pc=0x0000000003c51df8 method=com.android.tools.r8.dex.DexParser.cacheAt(ILjava/util/function/Supplier;)Ljava/lang/Object; @ 32
Event: 504.365 Thread 0x000000001979e800 Uncommon trap: reason=class_check action=maybe_recompile pc=0x0000000003c51df8 method=com.android.tools.r8.dex.DexParser.cacheAt(ILjava/util/function/Supplier;)Ljava/lang/Object; @ 32
Event: 504.405 Thread 0x000000001979e800 Uncommon trap: reason=unstable_if action=reinterpret pc=0x0000000003d08878 method=java.util.Arrays.hashCode([Ljava/lang/Object;)I @ 1
Event: 504.510 Thread 0x000000001979a000 Uncommon trap: reason=unstable_if action=reinterpret pc=0x000000000479d710 method=com.android.tools.r8.dex.DexParser.cacheAt(ILjava/util/function/Supplier;)Ljava/lang/Object; @ 1
Event: 504.518 Thread 0x000000001979a000 Uncommon trap: reason=unstable_if action=reinterpret pc=0x0000000003f0ecd8 method=com.android.tools.r8.graph.DexProto.computeEquals(Ljava/lang/Object;)Z @ 37

Classes redefined (0 events):
No events

Internal exceptions (10 events):
Event: 501.542 Thread 0x0000000019797800 Exception <a 'sun/nio/fs/WindowsException'> (0x00000000e78b7fe0) thrown at [D:\src\AOSP-openjdk-cygwin\jdk8u\hotspot\src\share\vm\prims\jni.cpp, line 709]
Event: 501.550 Thread 0x0000000019797800 Exception <a 'sun/nio/fs/WindowsException'> (0x00000000e78be918) thrown at [D:\src\AOSP-openjdk-cygwin\jdk8u\hotspot\src\share\vm\prims\jni.cpp, line 709]
Event: 501.555 Thread 0x0000000019797800 Exception <a 'sun/nio/fs/WindowsException'> (0x00000000e78c4e68) thrown at [D:\src\AOSP-openjdk-cygwin\jdk8u\hotspot\src\share\vm\prims\jni.cpp, line 709]
Event: 501.568 Thread 0x0000000019797800 Exception <a 'sun/nio/fs/WindowsException'> (0x00000000e78cb7f0) thrown at [D:\src\AOSP-openjdk-cygwin\jdk8u\hotspot\src\share\vm\prims\jni.cpp, line 709]
Event: 501.572 Thread 0x0000000019797800 Exception <a 'sun/nio/fs/WindowsException'> (0x00000000e78d1ac0) thrown at [D:\src\AOSP-openjdk-cygwin\jdk8u\hotspot\src\share\vm\prims\jni.cpp, line 709]
Event: 501.579 Thread 0x0000000019797800 Exception <a 'sun/nio/fs/WindowsException'> (0x00000000e78d77d0) thrown at [D:\src\AOSP-openjdk-cygwin\jdk8u\hotspot\src\share\vm\prims\jni.cpp, line 709]
Event: 501.584 Thread 0x0000000019797800 Exception <a 'sun/nio/fs/WindowsException'> (0x00000000e78de608) thrown at [D:\src\AOSP-openjdk-cygwin\jdk8u\hotspot\src\share\vm\prims\jni.cpp, line 709]
Event: 501.589 Thread 0x0000000019797800 Exception <a 'sun/nio/fs/WindowsException'> (0x00000000e78e46d8) thrown at [D:\src\AOSP-openjdk-cygwin\jdk8u\hotspot\src\share\vm\prims\jni.cpp, line 709]
Event: 503.647 Thread 0x000000001bf4a800 Exception <a 'sun/nio/fs/WindowsException'> (0x00000000e9b20410) thrown at [D:\src\AOSP-openjdk-cygwin\jdk8u\hotspot\src\share\vm\prims\jni.cpp, line 709]
Event: 504.405 Thread 0x000000001979e800 Implicit null exception at 0x0000000003d0876f to 0x0000000003d08869

Events (10 events):
Event: 504.518 Thread 0x000000001979a000 DEOPT UNPACKING pc=0x0000000002ef557b sp=0x00000000296bef08 mode 2
Event: 504.554 Thread 0x000000001687a000 flushing nmethod 0x000000000460c390
Event: 504.581 Thread 0x000000001979a000 DEOPT PACKING pc=0x000000000479bad1 sp=0x00000000296bef20
Event: 504.581 Thread 0x000000001979a000 DEOPT UNPACKING pc=0x0000000002ef71d0 sp=0x00000000296bec30 mode 0
Event: 504.583 Thread 0x000000001979a000 DEOPT PACKING pc=0x000000000479bad1 sp=0x00000000296beec0
Event: 504.583 Thread 0x000000001979a000 DEOPT UNPACKING pc=0x0000000002ef71d0 sp=0x00000000296bebd0 mode 0
Event: 504.585 Thread 0x000000001979a000 DEOPT PACKING pc=0x000000000479bad1 sp=0x00000000296bef20
Event: 504.585 Thread 0x000000001979a000 DEOPT UNPACKING pc=0x0000000002ef71d0 sp=0x00000000296bec30 mode 0
Event: 504.586 Thread 0x000000001979a000 DEOPT PACKING pc=0x000000000479bad1 sp=0x00000000296bef80
Event: 504.586 Thread 0x000000001979a000 DEOPT UNPACKING pc=0x0000000002ef71d0 sp=0x00000000296bec90 mode 0


Dynamic libraries:
0x00007ff7aaa10000 - 0x00007ff7aaa41000 	G:\Android\Android Studio\Android Studio\jre\bin\java.exe
0x00007ffa9c3d0000 - 0x00007ffa9c5b1000 	C:\Windows\SYSTEM32\ntdll.dll
0x00007ffa9b100000 - 0x00007ffa9b1b2000 	C:\Windows\System32\KERNEL32.DLL
0x00007ffa99490000 - 0x00007ffa99703000 	C:\Windows\System32\KERNELBASE.dll
0x00007ffa9c220000 - 0x00007ffa9c2c1000 	C:\Windows\System32\ADVAPI32.dll
0x00007ffa9bbe0000 - 0x00007ffa9bc7e000 	C:\Windows\System32\msvcrt.dll
0x00007ffa9bc80000 - 0x00007ffa9bcdb000 	C:\Windows\System32\sechost.dll
0x00007ffa9b1c0000 - 0x00007ffa9b2e4000 	C:\Windows\System32\RPCRT4.dll
0x00007ffa9b520000 - 0x00007ffa9b6b0000 	C:\Windows\System32\USER32.dll
0x00007ffa99470000 - 0x00007ffa99490000 	C:\Windows\System32\win32u.dll
0x00007ffa9b6b0000 - 0x00007ffa9b6d8000 	C:\Windows\System32\GDI32.dll
0x00007ffa992d0000 - 0x00007ffa99462000 	C:\Windows\System32\gdi32full.dll
0x00007ffa98ac0000 - 0x00007ffa98b5f000 	C:\Windows\System32\msvcp_win.dll
0x00007ffa99710000 - 0x00007ffa9980a000 	C:\Windows\System32\ucrtbase.dll
0x00007ffa86980000 - 0x00007ffa86be9000 	C:\Windows\WinSxS\amd64_microsoft.windows.common-controls_6595b64144ccf1df_6.0.17134.228_none_fb4599993062b194\COMCTL32.dll
0x00007ffa9bce0000 - 0x00007ffa9c003000 	C:\Windows\System32\combase.dll
0x00007ffa98850000 - 0x00007ffa988ca000 	C:\Windows\System32\bcryptPrimitives.dll
0x00007ffa9b370000 - 0x00007ffa9b39d000 	C:\Windows\System32\IMM32.DLL
0x000000006cde0000 - 0x000000006ceb2000 	G:\Android\Android Studio\Android Studio\jre\jre\bin\msvcr100.dll
0x000000006cfa0000 - 0x000000006d7e1000 	G:\Android\Android Studio\Android Studio\jre\jre\bin\server\jvm.dll
0x00007ffa9c210000 - 0x00007ffa9c218000 	C:\Windows\System32\PSAPI.DLL
0x00007ffa94840000 - 0x00007ffa94849000 	C:\Windows\SYSTEM32\WSOCK32.dll
0x00007ffa9b6e0000 - 0x00007ffa9b74c000 	C:\Windows\System32\WS2_32.dll
0x00007ffa94b10000 - 0x00007ffa94b33000 	C:\Windows\SYSTEM32\WINMM.dll
0x00007ffa94ae0000 - 0x00007ffa94b0a000 	C:\Windows\SYSTEM32\winmmbase.dll
0x00007ffa982a0000 - 0x00007ffa982aa000 	C:\Windows\SYSTEM32\VERSION.dll
0x00007ffa99810000 - 0x00007ffa99859000 	C:\Windows\System32\cfgmgr32.dll
0x00007ffa94830000 - 0x00007ffa9483f000 	G:\Android\Android Studio\Android Studio\jre\jre\bin\verify.dll
0x00007ffa93850000 - 0x00007ffa93879000 	G:\Android\Android Studio\Android Studio\jre\jre\bin\java.dll
0x00007ffa93830000 - 0x00007ffa93846000 	G:\Android\Android Studio\Android Studio\jre\jre\bin\zip.dll
0x00007ffa99860000 - 0x00007ffa9aca0000 	C:\Windows\System32\SHELL32.dll
0x00007ffa9b910000 - 0x00007ffa9b9b9000 	C:\Windows\System32\shcore.dll
0x00007ffa98b60000 - 0x00007ffa9926d000 	C:\Windows\System32\windows.storage.dll
0x00007ffa9c010000 - 0x00007ffa9c061000 	C:\Windows\System32\shlwapi.dll
0x00007ffa98780000 - 0x00007ffa98791000 	C:\Windows\System32\kernel.appcore.dll
0x00007ffa986f0000 - 0x00007ffa9870f000 	C:\Windows\System32\profapi.dll
0x00007ffa98730000 - 0x00007ffa9877c000 	C:\Windows\System32\powrprof.dll
0x00007ffa986e0000 - 0x00007ffa986ea000 	C:\Windows\System32\FLTLIB.DLL
0x00007ffa93810000 - 0x00007ffa9382a000 	G:\Android\Android Studio\Android Studio\jre\jre\bin\net.dll
0x00007ffa97ea0000 - 0x00007ffa97f06000 	C:\Windows\system32\mswsock.dll
0x00007ffa93270000 - 0x00007ffa93281000 	G:\Android\Android Studio\Android Studio\jre\jre\bin\nio.dll
0x00007ffa93090000 - 0x00007ffa930ae000 	C:\Users\chen\.gradle\native\25\windows-amd64\native-platform.dll
0x00007ffa94820000 - 0x00007ffa9482d000 	G:\Android\Android Studio\Android Studio\jre\jre\bin\management.dll
0x00007ffa98050000 - 0x00007ffa98067000 	C:\Windows\SYSTEM32\CRYPTSP.dll
0x00007ffa97a80000 - 0x00007ffa97ab3000 	C:\Windows\system32\rsaenh.dll
0x00007ffa98180000 - 0x00007ffa981a5000 	C:\Windows\SYSTEM32\bcrypt.dll
0x00007ffa98610000 - 0x00007ffa98638000 	C:\Windows\SYSTEM32\USERENV.dll
0x00007ffa98070000 - 0x00007ffa9807b000 	C:\Windows\SYSTEM32\CRYPTBASE.dll
0x00007ffa97c20000 - 0x00007ffa97c58000 	C:\Windows\SYSTEM32\IPHLPAPI.DLL
0x00007ffa9bb50000 - 0x00007ffa9bb58000 	C:\Windows\System32\NSI.dll
0x00007ffa92590000 - 0x00007ffa925a6000 	C:\Windows\SYSTEM32\dhcpcsvc6.DLL
0x00007ffa91710000 - 0x00007ffa9172a000 	C:\Windows\SYSTEM32\dhcpcsvc.DLL
0x00007ffa8ee40000 - 0x00007ffa8ee64000 	G:\Android\Android Studio\Android Studio\jre\jre\bin\sunec.dll
0x00007ffa901a0000 - 0x00007ffa901cf000 	C:\Program Files (x86)\Sangfor\SSL\ClientComponent2\SangforNspX64.dll
0x00007ffa9b7b0000 - 0x00007ffa9b901000 	C:\Windows\System32\ole32.dll
0x00007ffa9c2d0000 - 0x00007ffa9c392000 	C:\Windows\System32\OLEAUT32.dll
0x00007ffa97c60000 - 0x00007ffa97d1e000 	C:\Windows\SYSTEM32\DNSAPI.dll
0x000000006e970000 - 0x000000006e996000 	C:\Program Files\Bonjour\mdnsNSP.dll
0x00007ffa901d0000 - 0x00007ffa901da000 	C:\Windows\System32\rasadhlp.dll
0x00007ffa90a70000 - 0x00007ffa90ae2000 	C:\Windows\System32\fwpuclnt.dll
0x00007ffa92340000 - 0x00007ffa9234b000 	G:\Android\Android Studio\Android Studio\jre\jre\bin\sunmscapi.dll
0x00007ffa988d0000 - 0x00007ffa98ab2000 	C:\Windows\System32\CRYPT32.dll
0x00007ffa98710000 - 0x00007ffa98722000 	C:\Windows\System32\MSASN1.dll
0x00007ffa8ff40000 - 0x00007ffa8ff5e000 	C:\Users\chen\AppData\Local\Temp\native-platform7377590663530120933dir\native-platform.dll

VM Arguments:
jvm_args: -Xmx1536m -Dfile.encoding=GBK -Duser.country=CN -Duser.language=zh -Duser.variant 
java_command: org.gradle.launcher.daemon.bootstrap.GradleDaemon 4.10.1
java_class_path (initial): C:\Users\chen\.gradle\wrapper\dists\gradle-4.10.1-all\455itskqi2qtf0v2sja68alqd\gradle-4.10.1\lib\gradle-launcher-4.10.1.jar
Launcher Type: SUN_STANDARD

Environment Variables:
JAVA_HOME=C:\Program Files\Java\jdk-10.0.2\
CLASSPATH= .;C:\Program Files\Java\jdk-10.0.2\lib\dt.jar;C:\Program Files\Java\jdk-10.0.2\lib\toos.jar;C:\Program Files\Java\jdk-10.0.2\jre\lib\rt.jar;
PATH=C:\Qt\5.6\mingw49_32\bin;G:\XShell6\;C:\Program Files (x86)\Common Files\Intel\Shared Libraries\redist\intel64\compiler;C:\Windows\system32;C:\Windows;C:\Windows\System32\Wbem;C:\Windows\System32\WindowsPowerShell\v1.0\;C:\Windows\System32\OpenSSH\;C:\Program Files\Java\jdk-10.0.2\bin;C:\Program Files\Microsoft SQL Server\Client SDK\ODBC\130\Tools\Binn\;C:\Program Files (x86)\Microsoft SQL Server\140\Tools\Binn\;C:\Program Files\Microsoft SQL Server\140\Tools\Binn\;C:\Program Files\Microsoft SQL Server\140\DTS\Binn\;C:\Program Files (x86)\Microsoft SQL Server\Client SDK\ODBC\130\Tools\Binn\;C:\Program Files (x86)\Microsoft SQL Server\140\DTS\Binn\;C:\Program Files (x86)\Microsoft SQL Server\140\Tools\Binn\ManagementStudio\;C:\Program Files (x86)\Graphviz 2.28\bin;F:\Anaconda3\Scripts;F:\tomcat\apache-tomcat-9.0.22\apache-tomcat-9.0.22\lib;F:\tomcat\apache-tomcat-9.0.22\apache-tomcat-9.0.22\lib\servlet-api.jar;F:\tomcat\apache-tomcat-9.0.22\apache-tomcat-9.0.22\lib\jsp-api.jar;G:\Android\android-sdk-windows\android-sdk-windows\tools;G:\Android\android-sdk-windows\android-sdk-windows\platform-tools;F:\PHP\php-7.3.10-Win32-VC15-x64;C:\ProgramData\ComposerSetup\bin;F:\MySQL\mysql-8.0.18-winx64\mysql-8.0.18-winx64\bin;F:\Git\Git\cmd;F:\Matlab2015\runtime\win64;F:\Matlab2015\bin;E:\Maya\AutodeskBackburner2011\;E:\RationalRose\common;G:\GPerf\gperf\GnuWin32\bin;D:\UnxUtils\usr\local\wbin;D:\UnxUtils\usr\local\lib;C:\Windows\system32\config\systemprofile\.dnx\bin;C:\Program Files\Microsoft DNX\Dnvm\;C:\Users\chen\AppData\Local\Microsoft\WindowsApps;C:\Program Files (x86)\Graphviz 2.28\bin;C:\Users\chen\AppData\Roaming\Composer\vendor\bin;F:\PHPstorm\PhpStorm 2019.2\bin;;G:\Ideal\IntelliJ IDEA Community Edition 2020.1.1\bin;
USERNAME=chen
OS=Windows_NT
PROCESSOR_IDENTIFIER=AMD64 Family 21 Model 101 Stepping 1, AuthenticAMD



---------------  S Y S T E M  ---------------

OS: Windows 10.0 , 64 bit Build 17134 (10.0.17134.1)

CPU:total 4 (initial active 4) (4 cores per cpu, 1 threads per core) family 21 model 101 stepping 1, cmov, cx8, fxsr, mmx, sse, sse2, sse3, ssse3, sse4.1, sse4.2, popcnt, avx, avx2, aes, clmul, mmxext, 3dnowpref, lzcnt, sse4a, tsc, tscinvbit, tscinv, bmi1

Memory: 4k page, physical 7764320k(893312k free), swap 7764320k(1252k free)

vm_info: OpenJDK 64-Bit Server VM (25.152-b01) for windows-amd64 JRE (1.8.0_152-release-1248-b01), built by "builder" with MS VC++ 10.0 (VS2010)

time: Tue Mar 09 15:06:41 2021
elapsed time: 504 seconds (0d 0h 8m 24s)

